#
# A fatal error has been detected by the Java Runtime Environment:
#
#  EXCEPTION_ACCESS_VIOLATION (0xc0000005) at pc=0x778e2d37, pid=2816, tid=3688
#
# JRE version: 6.0_17-b04
# Java VM: Java HotSpot(TM) Client VM (14.3-b01 mixed mode windows-x86 )
# Problematic frame:
# C  [ntdll.dll+0x52d37]
#
# If you would like to submit a bug report, please visit:
#   http://java.sun.com/webapps/bugreport/crash.jsp
# The crash happened outside the Java Virtual Machine in native code.
# See problematic frame for where to report the bug.
#

---------------  T H R E A D  ---------------

Current thread (0x0de19c00):  JavaThread "FileDecorationCache request queue" [_thread_in_native, id=3688, stack(0x206d0000,0x20750000)]

siginfo: ExceptionCode=0xc0000005, reading address 0x337147ec

Registers:
EAX=0x35751f68, EBX=0x3d901890, ECX=0x00160000, EDX=0x3d901890
ESP=0x2074f2b0, EBP=0x2074f2e4, ESI=0x337147e8, EDI=0x3d901888
EIP=0x778e2d37, EFLAGS=0x00010206

Top of Stack: (sp=0x2074f2b0)
0x2074f2b0:   00000000 00160000 3d901890 9d30302b
0x2074f2c0:   51ce884b 2074f340 768ebd9f 35659840
0x2074f2d0:   00000000 3d9a0640 3d97e4fc 2074f2f0
0x2074f2e0:   3d901888 2074f2fc 778e2ce8 26f6e018
0x2074f2f0:   26f6e018 26f6e018 3d901888 2074f310
0x2074f300:   7690c391 00160000 00000000 3d901890
0x2074f310:   2074f31c 76901325 3d901890 2074f338
0x2074f320:   7606b7d6 3d901890 26f6e018 3d9e62c8 

Instructions: (pc=0x778e2d37)
0x778e2d27:   c1 ee 03 33 f0 33 35 dc 71 96 77 89 7d fc 33 f1
0x778e2d37:   8b 46 04 89 45 f4 c6 47 07 80 c6 47 06 00 8b 5e 


Stack: [0x206d0000,0x20750000],  sp=0x2074f2b0,  free space=508k
Native frames: (J=compiled Java code, j=interpreted, Vv=VM code, C=native code)
C  [ntdll.dll+0x52d37]
C  [ntdll.dll+0x52ce8]
C  [SHELL32.dll+0xac391]
C  [SHELL32.dll+0xa1325]
C  [ole32.dll+0x3b7d6]
C  [ole32.dll+0x4722d]
C  [ole32.dll+0x46df9]
C  [SHELL32.dll+0x8806f]
C  [SHELL32.dll+0x88ca5]
C  [SHELL32.dll+0x8814a]
C  [SHELL32.dll+0x87b33]
C  [SHELL32.dll+0x88054]
C  [SHELL32.dll+0x1ae8ae]
C  0x78cab912
j  com.mathworks.util.NativeJava.getFileIconIndex(Ljava/lang/String;ZZ)J+0
j  com.mathworks.jmi.MLFileIconUtils.getFastNativeIcon(Ljava/io/File;ZZ)Ljavax/swing/Icon;+8
j  com.mathworks.jmi.MLFileIconUtils.getNativeFileIcon(Ljava/io/File;Z)Ljavax/swing/Icon;+78
j  com.mathworks.jmi.MLFileIconUtils.getFileIcon(Ljava/io/File;Z)Ljavax/swing/Icon;+36
j  com.mathworks.mlwidgets.explorer.extensions.basic.DefaultFileInfoProvider$1.run(Lcom/mathworks/util/ParameterRunnable;Ljava/lang/Runnable;)V+18
j  com.mathworks.mlwidgets.explorer.model.FileDecorationModel$3$1.run()V+15
J  com.mathworks.util.RequestQueue.execute()V
J  com.mathworks.util.RequestQueue$1.run()V
j  java.lang.Thread.run()V+11
v  ~StubRoutines::call_stub
V  [jvm.dll+0xecf9c]
V  [jvm.dll+0x1741d1]
V  [jvm.dll+0xed167]
V  [jvm.dll+0xed1dd]
V  [jvm.dll+0x116290]
V  [jvm.dll+0x1d0414]
V  [jvm.dll+0x173e4c]
C  [MSVCR71.dll+0x9565]
C  [kernel32.dll+0x4ee1c]
C  [ntdll.dll+0x637eb]
C  [ntdll.dll+0x637be]

Java frames: (J=compiled Java code, j=interpreted, Vv=VM code)
j  com.mathworks.util.NativeJava.getFileIconIndex(Ljava/lang/String;ZZ)J+0
j  com.mathworks.jmi.MLFileIconUtils.getFastNativeIcon(Ljava/io/File;ZZ)Ljavax/swing/Icon;+8
j  com.mathworks.jmi.MLFileIconUtils.getNativeFileIcon(Ljava/io/File;Z)Ljavax/swing/Icon;+78
j  com.mathworks.jmi.MLFileIconUtils.getFileIcon(Ljava/io/File;Z)Ljavax/swing/Icon;+36
j  com.mathworks.mlwidgets.explorer.extensions.basic.DefaultFileInfoProvider$1.run(Lcom/mathworks/util/ParameterRunnable;Ljava/lang/Runnable;)V+18
j  com.mathworks.mlwidgets.explorer.model.FileDecorationModel$3$1.run()V+15
J  com.mathworks.util.RequestQueue.execute()V
J  com.mathworks.util.RequestQueue$1.run()V
j  java.lang.Thread.run()V+11
v  ~StubRoutines::call_stub

---------------  P R O C E S S  ---------------

Java Threads: ( => current thread )
  0x0de18400 JavaThread "Timer-273" [_thread_blocked, id=3428, stack(0x045d0000,0x04650000)]
=>0x0de19c00 JavaThread "FileDecorationCache request queue" [_thread_in_native, id=3688, stack(0x206d0000,0x20750000)]
  0x0de16800 JavaThread "Image Fetcher 0" daemon [_thread_blocked, id=2252, stack(0x207d0000,0x20850000)]
  0x0de13800 JavaThread "Foxtrot Multi Worker Thread Runner #1" daemon [_thread_blocked, id=2236, stack(0x20750000,0x207d0000)]
  0x0de17800 JavaThread "Active Reference Queue Daemon" daemon [_thread_blocked, id=2620, stack(0x05830000,0x058b0000)]
  0x0de14400 JavaThread "Timer-39" daemon [_thread_blocked, id=1460, stack(0x05730000,0x057b0000)]
  0x0de17400 JavaThread "Thread-75" [_thread_in_native, id=920, stack(0x1f8d0000,0x200d0000)]
  0x0de15c00 JavaThread "RequestQueue for GenericFileList" [_thread_blocked, id=932, stack(0x21c90000,0x21d10000)]
  0x0de15400 JavaThread "Timer-3" daemon [_thread_blocked, id=3908, stack(0x21a10000,0x21a90000)]
  0x0de13c00 JavaThread "Prefs Updater" daemon [_thread_blocked, id=2828, stack(0x21910000,0x21990000)]
  0x0de13000 JavaThread "Timer-1" [_thread_blocked, id=3632, stack(0x0ff60000,0x0ffe0000)]
  0x0de12c00 JavaThread "FelixPackageAdmin" daemon [_thread_blocked, id=3316, stack(0x0ecf0000,0x0ed70000)]
  0x0de06400 JavaThread "FelixStartLevel" daemon [_thread_blocked, id=3436, stack(0x0ec70000,0x0ecf0000)]
  0x0de01c00 JavaThread "FelixDispatchQueue" daemon [_thread_blocked, id=1512, stack(0x0ebf0000,0x0ec70000)]
  0x0dd46400 JavaThread "TimerQueue" daemon [_thread_blocked, id=3928, stack(0x0eaf0000,0x0eb70000)]
  0x0dbbe000 JavaThread "AWT-EventQueue-0" [_thread_blocked, id=2864, stack(0x0ea70000,0x0eaf0000)]
  0x0db8b800 JavaThread "AWT-Windows" daemon [_thread_in_native, id=2584, stack(0x0e380000,0x0e400000)]
  0x0db89000 JavaThread "AWT-Shutdown" [_thread_blocked, id=3968, stack(0x0e300000,0x0e380000)]
  0x0db4c400 JavaThread "Java2D Disposer" daemon [_thread_blocked, id=1260, stack(0x0e280000,0x0e300000)]
  0x0d3da400 JavaThread "Timer-0" [_thread_blocked, id=2420, stack(0x0d540000,0x0d5c0000)]
  0x0d394800 JavaThread "JMI Unnamed Thread" [_thread_in_native, id=3592, stack(0x084a0000,0x08ca0000)]
  0x08f10800 JavaThread "Low Memory Detector" daemon [_thread_blocked, id=2432, stack(0x0cac0000,0x0cb40000)]
  0x08f0c400 JavaThread "CompilerThread0" daemon [_thread_blocked, id=672, stack(0x0c2c0000,0x0cac0000)]
  0x08f09c00 JavaThread "Attach Listener" daemon [_thread_blocked, id=988, stack(0x0c240000,0x0c2c0000)]
  0x08ed0000 JavaThread "Finalizer" daemon [_thread_blocked, id=2096, stack(0x0c1c0000,0x0c240000)]
  0x08ece800 JavaThread "Reference Handler" daemon [_thread_blocked, id=3068, stack(0x0c140000,0x0c1c0000)]
  0x08e2f800 JavaThread "main" [_thread_in_native, id=1212, stack(0x00430000,0x00c30000)]

Other Threads:
  0x08ecbc00 VMThread [stack: 0x0b940000,0x0c140000] [id=2476]
  0x08f1b000 WatcherThread [stack: 0x0cb40000,0x0d340000] [id=1984]

VM state:not at safepoint (normal execution)

VM Mutex/Monitor currently owned by a thread: None

Heap
 def new generation   total 15360K, used 7829K [0x10050000, 0x110f0000, 0x12050000)
  eden space 13696K,  52% used [0x10050000, 0x10754190, 0x10db0000)
  from space 1664K,  38% used [0x10f50000, 0x10ff1440, 0x110f0000)
  to   space 1664K,   0% used [0x10db0000, 0x10db0000, 0x10f50000)
 tenured generation   total 50824K, used 36910K [0x12050000, 0x151f2000, 0x18050000)
   the space 50824K,  72% used [0x12050000, 0x1445b838, 0x1445ba00, 0x151f2000)
 compacting perm gen  total 37632K, used 37515K [0x18050000, 0x1a510000, 0x1c050000)
   the space 37632K,  99% used [0x18050000, 0x1a4f2fa0, 0x1a4f3000, 0x1a510000)
No shared spaces configured.

Dynamic libraries:
0x00400000 - 0x00424000 	C:\Program Files\MATLAB\R2010bSP2\bin\win32\MATLAB.exe
0x77890000 - 0x779cc000 	C:\Windows\SYSTEM32\ntdll.dll
0x76370000 - 0x76444000 	C:\Windows\system32\kernel32.dll
0x75a80000 - 0x75acb000 	C:\Windows\system32\KERNELBASE.dll
0x7bc20000 - 0x7bcd1000 	C:\Program Files\MATLAB\R2010bSP2\bin\win32\libut.dll
0x10000000 - 0x10045000 	C:\Program Files\MATLAB\R2010bSP2\bin\win32\libmwi18n.dll
0x000e0000 - 0x000ee000 	C:\Program Files\MATLAB\R2010bSP2\bin\win32\boost_date_time-vc80-mt-1_40.dll
0x00260000 - 0x002e7000 	C:\Windows\WinSxS\x86_microsoft.vc80.crt_1fc8b3b9a1e18e3b_8.0.50727.6195_none_d09154e044272b9a\MSVCP80.dll
0x002f0000 - 0x0038b000 	C:\Windows\WinSxS\x86_microsoft.vc80.crt_1fc8b3b9a1e18e3b_8.0.50727.6195_none_d09154e044272b9a\MSVCR80.dll
0x75f40000 - 0x75fec000 	C:\Windows\system32\msvcrt.dll
0x00100000 - 0x00113000 	C:\Program Files\MATLAB\R2010bSP2\bin\win32\boost_filesystem-vc80-mt-1_40.dll
0x00130000 - 0x00137000 	C:\Program Files\MATLAB\R2010bSP2\bin\win32\boost_system-vc80-mt-1_40.dll
0x00150000 - 0x0015e000 	C:\Program Files\MATLAB\R2010bSP2\bin\win32\boost_thread-vc80-mt-1_40.dll
0x7c2e0000 - 0x7c2ff000 	C:\Program Files\MATLAB\R2010bSP2\bin\win32\LIBEXPAT.dll
0x7b930000 - 0x7ba44000 	C:\Program Files\MATLAB\R2010bSP2\bin\win32\icuin42.dll
0x7c070000 - 0x7c163000 	C:\Program Files\MATLAB\R2010bSP2\bin\win32\icuuc42.dll
0x762d0000 - 0x76370000 	C:\Windows\system32\ADVAPI32.dll
0x766d0000 - 0x766e9000 	C:\Windows\SYSTEM32\sechost.dll
0x76710000 - 0x767b2000 	C:\Windows\system32\RPCRT4.dll
0x00c30000 - 0x01b78000 	C:\Program Files\MATLAB\R2010bSP2\bin\win32\icudt42.dll
0x787e0000 - 0x78898000 	C:\Program Files\MATLAB\R2010bSP2\bin\win32\libmwfl.dll
0x76210000 - 0x7623b000 	C:\Windows\system32\imagehlp.dll
0x75c10000 - 0x75c15000 	C:\Windows\system32\PSAPI.DLL
0x01b80000 - 0x01c1b000 	C:\Program Files\MATLAB\R2010bSP2\bin\win32\boost_regex-vc80-mt-1_40.dll
0x779f0000 - 0x77ab9000 	C:\Windows\system32\USER32.dll
0x75dc0000 - 0x75e0e000 	C:\Windows\system32\GDI32.dll
0x764b0000 - 0x764ba000 	C:\Windows\system32\LPK.dll
0x767c0000 - 0x7685d000 	C:\Windows\system32\USP10.dll
0x003f0000 - 0x003ff000 	C:\Program Files\MATLAB\R2010bSP2\bin\win32\boost_signals-vc80-mt-1_40.dll
0x7b7a0000 - 0x7b7ac000 	C:\Program Files\MATLAB\R2010bSP2\bin\win32\icuio42.dll
0x7bd40000 - 0x7bf5c000 	C:\Program Files\MATLAB\R2010bSP2\bin\win32\libmwservices.dll
0x7bce0000 - 0x7bd31000 	C:\Program Files\MATLAB\R2010bSP2\bin\win32\libmx.dll
0x78cf0000 - 0x78d03000 	C:\Program Files\MATLAB\R2010bSP2\bin\win32\zlib1.dll
0x7bf60000 - 0x7c065000 	C:\Program Files\MATLAB\R2010bSP2\bin\win32\libmwmathutil.dll
0x7a110000 - 0x7a14b000 	C:\Program Files\MATLAB\R2010bSP2\bin\win32\mpath.dll
0x7c3e0000 - 0x7c542000 	C:\Program Files\MATLAB\R2010bSP2\bin\win32\mlutil.dll
0x7d300000 - 0x7d35d000 	C:\Program Files\MATLAB\R2010bSP2\bin\win32\xmlcore.dll
0x799d0000 - 0x79b92000 	C:\Program Files\MATLAB\R2010bSP2\bin\win32\xerces-c_2_7.dll
0x75ff0000 - 0x76025000 	C:\Windows\system32\WS2_32.dll
0x779d0000 - 0x779d6000 	C:\Windows\system32\NSI.dll
0x76860000 - 0x774aa000 	C:\Windows\system32\SHELL32.dll
0x75e10000 - 0x75e67000 	C:\Windows\system32\SHLWAPI.dll
0x01cb0000 - 0x01d34000 	C:\Windows\WinSxS\x86_microsoft.windows.common-controls_6595b64144ccf1df_5.82.7601.18201_none_ec80f00e8593ece5\COMCTL32.dll
0x76190000 - 0x7620b000 	C:\Windows\system32\comdlg32.dll
0x74020000 - 0x74031000 	C:\Windows\system32\NETAPI32.dll
0x75040000 - 0x75049000 	C:\Windows\system32\netutils.dll
0x75560000 - 0x75579000 	C:\Windows\system32\srvcli.dll
0x74010000 - 0x7401f000 	C:\Windows\system32\wkscli.dll
0x01d40000 - 0x01d6e000 	C:\Program Files\MATLAB\R2010bSP2\bin\win32\tbb.dll
0x7a3c0000 - 0x7a435000 	C:\Program Files\MATLAB\R2010bSP2\bin\win32\mcr.dll
0x7b7b0000 - 0x7b81a000 	C:\Program Files\MATLAB\R2010bSP2\bin\win32\iqm.dll
0x7a9c0000 - 0x7ae73000 	C:\Program Files\MATLAB\R2010bSP2\bin\win32\m_interpreter.dll
0x7b830000 - 0x7b83c000 	C:\Program Files\MATLAB\R2010bSP2\bin\win32\libmex.dll
0x7a290000 - 0x7a2f9000 	C:\Program Files\MATLAB\R2010bSP2\bin\win32\m_dispatcher.dll
0x7a1a0000 - 0x7a1f7000 	C:\Program Files\MATLAB\R2010bSP2\bin\win32\profiler.dll
0x7b890000 - 0x7b8b2000 	C:\Program Files\MATLAB\R2010bSP2\bin\win32\libmwmathrng.dll
0x78c60000 - 0x78c72000 	C:\Program Files\MATLAB\R2010bSP2\bin\win32\m_pcodeio.dll
0x7a0d0000 - 0x7a107000 	C:\Program Files\MATLAB\R2010bSP2\bin\win32\m_ir.dll
0x7a4c0000 - 0x7a9c0000 	C:\Program Files\MATLAB\R2010bSP2\bin\win32\m_parser.dll
0x7b820000 - 0x7b82e000 	C:\Program Files\MATLAB\R2010bSP2\bin\win32\ir_xfmr.dll
0x788a0000 - 0x78a0d000 	C:\Program Files\MATLAB\R2010bSP2\bin\win32\mcos.dll
0x7b8d0000 - 0x7b8da000 	C:\Program Files\MATLAB\R2010bSP2\bin\win32\mtok.dll
0x78c40000 - 0x78c56000 	C:\Program Files\MATLAB\R2010bSP2\bin\win32\m_pcodegen.dll
0x78300000 - 0x78337000 	C:\Program Files\MATLAB\R2010bSP2\bin\win32\libmwspmatrix.dll
0x78340000 - 0x78360000 	C:\Program Files\MATLAB\R2010bSP2\bin\win32\libmwbridge.dll
0x7b480000 - 0x7b504000 	C:\Program Files\MATLAB\R2010bSP2\bin\win32\udd.dll
0x7c170000 - 0x7c273000 	C:\Program Files\MATLAB\R2010bSP2\bin\win32\libmwgui.dll
0x78d50000 - 0x79222000 	C:\Program Files\MATLAB\R2010bSP2\bin\win32\hg.dll
0x78bc0000 - 0x78bf6000 	C:\Program Files\MATLAB\R2010bSP2\bin\win32\libmat.dll
0x7ba50000 - 0x7bc19000 	C:\Program Files\MATLAB\R2010bSP2\bin\win32\libhdf5.dll
0x7a020000 - 0x7a075000 	C:\Program Files\MATLAB\R2010bSP2\bin\win32\jmi.dll
0x79cf0000 - 0x79d1b000 	C:\Program Files\MATLAB\R2010bSP2\bin\win32\libmwhardcopy.dll
0x7a080000 - 0x7a0c1000 	C:\Program Files\MATLAB\R2010bSP2\bin\win32\libuij.dll
0x786a0000 - 0x787d0000 	C:\Program Files\MATLAB\R2010bSP2\bin\win32\hgdatatypes.dll
0x78630000 - 0x7869b000 	C:\Program Files\MATLAB\R2010bSP2\bin\win32\hgutils.dll
0x78c00000 - 0x78c34000 	C:\Program Files\MATLAB\R2010bSP2\bin\win32\libmwlapack.dll
0x7b850000 - 0x7b85e000 	C:\Program Files\MATLAB\R2010bSP2\bin\win32\libmwbinder.dll
0x7b510000 - 0x7b796000 	C:\Program Files\MATLAB\R2010bSP2\bin\win32\uiw.dll
0x7b920000 - 0x7b929000 	C:\Program Files\MATLAB\R2010bSP2\bin\win32\uinone.dll
0x01f60000 - 0x0206f000 	C:\Windows\WinSxS\x86_microsoft.vc80.mfc_1fc8b3b9a1e18e3b_8.0.50727.6195_none_cbf5e994470a1a8f\MFC80.DLL
0x02070000 - 0x020c1000 	C:\Windows\system32\WINSPOOL.DRV
0x76030000 - 0x7618c000 	C:\Windows\system32\ole32.dll
0x76240000 - 0x762cf000 	C:\Windows\system32\OLEAUT32.dll
0x7a440000 - 0x7a4b7000 	C:\Program Files\MATLAB\R2010bSP2\bin\win32\udd_mi.dll
0x78c80000 - 0x78c93000 	C:\Program Files\MATLAB\R2010bSP2\bin\win32\mwoles05.DLL
0x7a150000 - 0x7a19a000 	C:\Program Files\MATLAB\R2010bSP2\bin\win32\comcli.dll
0x02100000 - 0x0211b000 	C:\Windows\WinSxS\x86_microsoft.vc80.atl_1fc8b3b9a1e18e3b_8.0.50727.6195_none_d1cb102c435421de\ATL80.DLL
0x7b8c0000 - 0x7b8cb000 	C:\Program Files\MATLAB\R2010bSP2\bin\win32\mlautoregister.dll
0x766f0000 - 0x7670f000 	C:\Windows\system32\IMM32.DLL
0x75e70000 - 0x75f3c000 	C:\Windows\system32\MSCTF.dll
0x02270000 - 0x0227e000 	C:\Windows\WinSxS\x86_microsoft.vc80.mfcloc_1fc8b3b9a1e18e3b_8.0.50727.6195_none_03ce2c72205943d3\MFC80ENU.DLL
0x758b0000 - 0x758bb000 	C:\Windows\system32\profapi.dll
0x75830000 - 0x7583c000 	C:\Windows\system32\CRYPTBASE.dll
0x74700000 - 0x7489e000 	C:\Windows\WinSxS\x86_microsoft.windows.common-controls_6595b64144ccf1df_6.0.7601.17514_none_41e6975e2bd6f2b2\comctl32.dll
0x757e0000 - 0x7582c000 	C:\Windows\system32\apphelp.dll
0x76510000 - 0x76593000 	C:\Windows\system32\CLBCatQ.DLL
0x742b0000 - 0x743a5000 	C:\Windows\system32\PROPSYS.dll
0x02300000 - 0x02312000 	C:\Windows\system32\MPR.dll
0x035b0000 - 0x035b8000 	C:\Windows\System32\drprov.dll
0x74fc0000 - 0x74fe9000 	C:\Windows\System32\WINSTA.dll
0x035c0000 - 0x035d4000 	C:\Windows\System32\ntlanman.dll
0x035e0000 - 0x035f7000 	C:\Windows\System32\davclnt.dll
0x03610000 - 0x03618000 	C:\Windows\System32\DAVHLPR.dll
0x042f0000 - 0x042fb000 	C:\Windows\system32\cscapi.dll
0x022c0000 - 0x022c3000 	C:\Windows\system32\icmp.Dll
0x736b0000 - 0x736cc000 	C:\Windows\system32\iphlpapi.DLL
0x736a0000 - 0x736a7000 	C:\Windows\system32\WINNSI.DLL
0x757c0000 - 0x757db000 	C:\Windows\system32\SspiCli.dll
0x73d60000 - 0x73d70000 	C:\Windows\system32\NLAapi.dll
0x03e80000 - 0x03e90000 	C:\Windows\system32\napinsp.dll
0x03e90000 - 0x03ea2000 	C:\Windows\system32\pnrpnsp.dll
0x752e0000 - 0x7531c000 	C:\Windows\System32\mswsock.dll
0x751a0000 - 0x751e4000 	C:\Windows\system32\DNSAPI.dll
0x03ef0000 - 0x03ef8000 	C:\Windows\System32\winrnr.dll
0x733e0000 - 0x73418000 	C:\Windows\System32\fwpuclnt.dll
0x03f00000 - 0x03f06000 	C:\Windows\system32\rasadhlp.dll
0x74e20000 - 0x74e25000 	C:\Windows\System32\wshtcpip.dll
0x733c0000 - 0x733cd000 	C:\Windows\system32\dhcpcsvc6.DLL
0x73340000 - 0x73352000 	C:\Windows\system32\dhcpcsvc.DLL
0x75940000 - 0x75967000 	C:\Windows\system32\CFGMGR32.dll
0x79d90000 - 0x7a01b000 	C:\Program Files\MATLAB\R2010bSP2\sys\java\jre\win32\jre\bin\client\jvm.dll
0x73d20000 - 0x73d52000 	C:\Windows\system32\WINMM.dll
0x7c300000 - 0x7c356000 	C:\Program Files\MATLAB\R2010bSP2\bin\win32\MSVCR71.dll
0x08ca0000 - 0x08d8b000 	C:\Windows\system32\dbghelp.dll
0x7a270000 - 0x7a27c000 	C:\Program Files\MATLAB\R2010bSP2\sys\java\jre\win32\jre\bin\verify.dll
0x78d10000 - 0x78d2f000 	C:\Program Files\MATLAB\R2010bSP2\sys\java\jre\win32\jre\bin\java.dll
0x7a250000 - 0x7a258000 	C:\Program Files\MATLAB\R2010bSP2\sys\java\jre\win32\jre\bin\hpi.dll
0x7a280000 - 0x7a28f000 	C:\Program Files\MATLAB\R2010bSP2\sys\java\jre\win32\jre\bin\zip.dll

VM Arguments:
jvm_args: -Xss512k -XX:PermSize=32m -Xms64m -XX:NewRatio=3 -XX:MaxPermSize=64m -Xmx128m -XX:MaxDirectMemorySize=1200000000 -Dsun.java2d.noddraw=true -Dsun.awt.nopixfmt=true -Xshare:off -Xrs -Dsun.awt.disableMixing=true -Djava.library.path=C:\Program Files\MATLAB\R2010bSP2\bin\win32 vfprintf abort 
java_command: <unknown>
Launcher Type: generic

Environment Variables:
PATH=C:\Program Files\MATLAB\R2010bSP2\sys\java\jre\win32\jre\bin;C:\Program Files\MATLAB\R2010bSP2\sys\webrenderer\windows\corecomponents;C:\Program Files\MATLAB\R2010bSP2\sys\webrenderer\windows;C:\Windows\system32;C:\Windows;C:\Windows\System32\Wbem;C:\Windows\System32\WindowsPowerShell\v1.0\;C:\Program Files\MATLAB\R2014a\runtime\win32;C:\Program Files\MATLAB\R2014a\bin;C:\Program Files\MATLAB\R2011b\runtime\win32;C:\Program Files\MATLAB\R2011b\bin;C:\Program Files\MATLAB\R2010bSP2\runtime\win32;C:\Program Files\MATLAB\R2010bSP2\bin;C:\Program Files\MATLAB704\bin\win32;
USERNAME=sridhrn2
OS=Windows_NT
PROCESSOR_IDENTIFIER=x86 Family 6 Model 23 Stepping 10, GenuineIntel



---------------  S Y S T E M  ---------------

OS: Windows 7 Build 7601 Service Pack 1

CPU:total 4 (4 cores per cpu, 1 threads per core) family 6 model 23 stepping 10, cmov, cx8, fxsr, mmx, sse, sse2, sse3, ssse3, sse4.1

Memory: 4k page, physical 3665148k(1999560k free), swap 4194303k(4194303k free)

vm_info: Java HotSpot(TM) Client VM (14.3-b01) for windows-x86 JRE (1.6.0_17-b04), built on Oct 11 2009 00:52:06 by "java_re" with MS VC++ 7.1

time: Sun Apr 20 13:41:16 2014
elapsed time: 8549 seconds

